{
  "RSpec": {
    "coverage": {
      "/Users/charlymannion/Projects/WeekNine/bank-tech-test/spec/bank_account_spec.rb": [
        null,
        null,
        1,
        null,
        1,
        null,
        7,
        null,
        7,
        7,
        null,
        1,
        1,
        1,
        null,
        1,
        1,
        null,
        null,
        null,
        1,
        1,
        1,
        1,
        null,
        1,
        1,
        1,
        null,
        1,
        1,
        1,
        null,
        null,
        1,
        1,
        1,
        1,
        1,
        null,
        null,
        null
      ],
      "/Users/charlymannion/Projects/WeekNine/bank-tech-test/lib/bank_account.rb": [
        null,
        null,
        1,
        null,
        1,
        1,
        null,
        1,
        null,
        1,
        6,
        6,
        6,
        null,
        null,
        1,
        4,
        4,
        null,
        null,
        1,
        1,
        null,
        null,
        1,
        null,
        1,
        5,
        null,
        null,
        1,
        4,
        4,
        null,
        null
      ],
      "/Users/charlymannion/Projects/WeekNine/bank-tech-test/lib/transaction.rb": [
        null,
        null,
        1,
        1,
        null,
        1,
        3,
        3,
        3,
        null,
        null
      ],
      "/Users/charlymannion/Projects/WeekNine/bank-tech-test/spec/bank_statement_spec.rb": [
        null,
        null,
        null,
        null,
        null,
        null,
        null,
        null,
        null,
        null,
        null
      ],
      "/Users/charlymannion/Projects/WeekNine/bank-tech-test/spec/transaction_spec.rb": [
        null,
        null,
        1,
        null,
        1,
        4,
        null,
        1,
        1,
        1,
        null,
        1,
        1,
        null,
        1,
        1,
        null,
        null,
        null
      ]
    },
    "timestamp": 1529419072
  }
}
