{
  "RSpec": {
    "coverage": {
      "/Users/charlymannion/Projects/WeekNine/bank-tech-test/spec/bank_account_spec.rb": [
        null,
        null,
        1,
        null,
        1,
        10,
        10,
        10,
        2,
        null,
        1,
        1,
        1,
        null,
        1,
        1,
        null,
        null,
        null,
        1,
        1,
        3,
        null,
        1,
        1,
        null,
        1,
        1,
        null,
        1,
        1,
        null,
        null,
        null,
        1,
        1,
        3,
        null,
        1,
        1,
        null,
        1,
        1,
        null,
        1,
        1,
        null,
        null,
        null,
        1,
        1,
        1,
        1,
        1,
        1,
        null,
        null,
        null
      ],
      "/Users/charlymannion/Projects/WeekNine/bank-tech-test/lib/bank_account.rb": [
        null,
        null,
        1,
        1,
        null,
        1,
        1,
        null,
        1,
        null,
        1,
        9,
        9,
        9,
        9,
        null,
        null,
        1,
        4,
        4,
        null,
        null,
        1,
        3,
        3,
        null,
        null,
        1,
        1,
        null,
        null,
        1,
        null,
        1,
        7,
        null,
        null,
        1,
        7,
        7,
        null,
        null
      ],
      "/Users/charlymannion/Projects/WeekNine/bank-tech-test/lib/transaction.rb": [
        null,
        null,
        1,
        1,
        null,
        1,
        3,
        3,
        3,
        null,
        null
      ],
      "/Users/charlymannion/Projects/WeekNine/bank-tech-test/lib/printer.rb": [
        null,
        null,
        1,
        1,
        3,
        7,
        null,
        null,
        1,
        null,
        1,
        3,
        null,
        null
      ],
      "/Users/charlymannion/Projects/WeekNine/bank-tech-test/spec/bank_statement_spec.rb": [
        null,
        null,
        null,
        null,
        null,
        null,
        null,
        null,
        null,
        null,
        null
      ],
      "/Users/charlymannion/Projects/WeekNine/bank-tech-test/spec/printer_spec.rb": [
        null,
        null,
        1,
        null,
        1,
        3,
        3,
        2,
        null,
        1,
        1,
        1,
        1,
        1,
        1,
        2,
        null,
        1,
        1,
        1,
        1,
        1,
        1,
        2,
        null,
        null,
        null
      ],
      "/Users/charlymannion/Projects/WeekNine/bank-tech-test/spec/transaction_spec.rb": [
        null,
        null,
        1,
        null,
        1,
        4,
        null,
        1,
        1,
        1,
        null,
        1,
        1,
        null,
        1,
        1,
        null,
        null,
        null
      ]
    },
    "timestamp": 1529508594
  }
}
